<?xml version="1.0" encoding="UTF-8"?>
<!-- Generated by org.testng.reporters.JUnitReportReporter -->
<testsuite hostname="LAPTOP-PU8VKKP8" failures="0" tests="1" name="rahulshettyacademy.ErrorValidationTest" time="0.306" errors="0" timestamp="2022-09-02T10:54:15 IST" skipped="0">
  <testcase classname="rahulshettyacademy.ErrorValidationTest" name="ErrormsgValidation" time="0.306"/>
  <system-out/>
</testsuite> <!-- rahulshettyacademy.ErrorValidationTest -->
