<?xml version="1.0" encoding="UTF-8"?>
<!-- Generated by org.testng.reporters.JUnitReportReporter -->
<testsuite hostname="LAPTOP-PU8VKKP8" failures="0" tests="1" name="rahulshettyacademy.LoginPageErrorValidationTest" time="0.529" errors="0" timestamp="2022-09-07T12:04:45 IST" skipped="0">
  <testcase classname="rahulshettyacademy.LoginPageErrorValidationTest" name="ErrormsgValidation" time="0.529"/>
  <system-out/>
</testsuite> <!-- rahulshettyacademy.LoginPageErrorValidationTest -->
