<?xml version="1.0" encoding="UTF-8"?>
<!-- Generated by org.testng.reporters.JUnitReportReporter -->
<testsuite hostname="LAPTOP-PU8VKKP8" failures="0" tests="6" name="FrameworkHomePage" time="19.051" errors="0" timestamp="2022-08-31T12:47:56 IST" skipped="0">
  <testcase classname="FrameworkHomePage" name="BasePageNavigation" time="4.201"/>
  <system-out/>
  <testcase classname="FrameworkHomePage" name="EnterLoginData" time="0.276"/>
  <system-out/>
  <testcase classname="FrameworkHomePage" name="ClickProduct" time="13.172"/>
  <system-out/>
  <testcase classname="FrameworkHomePage" name="CartSection" time="0.582"/>
  <system-out/>
  <testcase classname="FrameworkHomePage" name="CheckOutSection" time="0.709"/>
  <system-out/>
  <testcase classname="FrameworkHomePage" name="ConfirmationSection" time="0.111"/>
  <system-out/>
</testsuite> <!-- FrameworkHomePage -->
