<?xml version="1.0" encoding="UTF-8"?>
<!-- Generated by org.testng.reporters.JUnitReportReporter -->
<testsuite hostname="LAPTOP-PU8VKKP8" failures="0" tests="6" name="rahulshettyacademy.FrameworkHomePage" time="15.602" errors="0" timestamp="2022-09-02T09:40:55 IST" skipped="0">
  <testcase classname="rahulshettyacademy.FrameworkHomePage" name="BasePageNavigation" time="1.470"/>
  <system-out/>
  <testcase classname="rahulshettyacademy.FrameworkHomePage" name="EnterLoginData" time="0.212"/>
  <system-out/>
  <testcase classname="rahulshettyacademy.FrameworkHomePage" name="ClickProduct" time="12.977"/>
  <system-out/>
  <testcase classname="rahulshettyacademy.FrameworkHomePage" name="CartSection" time="0.237"/>
  <system-out/>
  <testcase classname="rahulshettyacademy.FrameworkHomePage" name="CheckOutSection" time="0.600"/>
  <system-out/>
  <testcase classname="rahulshettyacademy.FrameworkHomePage" name="ConfirmationSection" time="0.106"/>
  <system-out/>
</testsuite> <!-- rahulshettyacademy.FrameworkHomePage -->
