<?xml version="1.0" encoding="UTF-8"?>
<!-- Generated by org.testng.reporters.JUnitReportReporter -->
<testsuite hostname="LAPTOP-PU8VKKP8" failures="0" tests="6" name="rahulshettyacademy.FrameworkFullPageTest" time="17.111" errors="0" timestamp="2022-09-07T12:11:04 IST" skipped="0">
  <testcase classname="rahulshettyacademy.FrameworkFullPageTest" name="BasePageNavigation" time="2.377"/>
  <system-out/>
  <testcase classname="rahulshettyacademy.FrameworkFullPageTest" name="EnterLoginData" time="0.304"/>
  <system-out/>
  <testcase classname="rahulshettyacademy.FrameworkFullPageTest" name="ClickProduct" time="13.077"/>
  <system-out/>
  <testcase classname="rahulshettyacademy.FrameworkFullPageTest" name="CartSection" time="0.486"/>
  <system-out/>
  <testcase classname="rahulshettyacademy.FrameworkFullPageTest" name="CheckOutSection" time="0.734"/>
  <system-out/>
  <testcase classname="rahulshettyacademy.FrameworkFullPageTest" name="ConfirmationSection" time="0.133"/>
  <system-out/>
</testsuite> <!-- rahulshettyacademy.FrameworkFullPageTest -->
